<?xml version="1.0" encoding="UTF-8"?>
<testsuite name="com.gradle.demo.AppTest" tests="1" skipped="0" failures="0" errors="0" timestamp="2015-04-06T05:02:16" hostname="Ebsi-HP4540-07" time="0.001">
  <properties/>
  <testcase name="testApp" classname="com.gradle.demo.AppTest" time="0.001"/>
  <system-out><![CDATA[]]></system-out>
  <system-err><![CDATA[]]></system-err>
</testsuite>
